2021-11-29 13:32:42.740  INFO 4292 --- [restartedMain] c.e.demo.ContactsDetailsApplication      : Starting ContactsDetailsApplication using Java 1.8.0_241 on DESKTOP-H74EIVH with PID 4292 (E:\newProject\HIS-APP\target\classes started by home in E:\newProject\HIS-APP)
2021-11-29 13:32:42.748  INFO 4292 --- [restartedMain] c.e.demo.ContactsDetailsApplication      : No active profile set, falling back to default profiles: default
2021-11-29 13:32:42.875  INFO 4292 --- [restartedMain] .e.DevToolsPropertyDefaultsPostProcessor : Devtools property defaults active! Set 'spring.devtools.add-properties' to 'false' to disable
2021-11-29 13:32:42.875  INFO 4292 --- [restartedMain] .e.DevToolsPropertyDefaultsPostProcessor : For additional web related logging consider setting the 'logging.level.web' property to 'DEBUG'
2021-11-29 13:32:44.754  INFO 4292 --- [restartedMain] .s.d.r.c.RepositoryConfigurationDelegate : Bootstrapping Spring Data JPA repositories in DEFAULT mode.
2021-11-29 13:32:44.862  INFO 4292 --- [restartedMain] .s.d.r.c.RepositoryConfigurationDelegate : Finished Spring Data repository scanning in 88 ms. Found 4 JPA repository interfaces.
2021-11-29 13:32:45.903  INFO 4292 --- [restartedMain] o.s.b.w.embedded.tomcat.TomcatWebServer  : Tomcat initialized with port(s): 8099 (http)
2021-11-29 13:32:45.924  INFO 4292 --- [restartedMain] o.apache.catalina.core.StandardService   : Starting service [Tomcat]
2021-11-29 13:32:45.924  INFO 4292 --- [restartedMain] org.apache.catalina.core.StandardEngine  : Starting Servlet engine: [Apache Tomcat/9.0.53]
2021-11-29 13:32:46.282  INFO 4292 --- [restartedMain] org.apache.jasper.servlet.TldScanner     : At least one JAR was scanned for TLDs yet contained no TLDs. Enable debug logging for this logger for a complete list of JARs that were scanned but no TLDs were found in them. Skipping unneeded JARs during scanning can improve startup time and JSP compilation time.
2021-11-29 13:32:46.290  INFO 4292 --- [restartedMain] o.a.c.c.C.[.[localhost].[/Contacts]      : Initializing Spring embedded WebApplicationContext
2021-11-29 13:32:46.290  INFO 4292 --- [restartedMain] w.s.c.ServletWebServerApplicationContext : Root WebApplicationContext: initialization completed in 3414 ms
2021-11-29 13:32:46.733  INFO 4292 --- [restartedMain] o.hibernate.jpa.internal.util.LogHelper  : HHH000204: Processing PersistenceUnitInfo [name: default]
2021-11-29 13:32:46.890  INFO 4292 --- [restartedMain] org.hibernate.Version                    : HHH000412: Hibernate ORM core version 5.4.32.Final
2021-11-29 13:32:47.016  INFO 4292 --- [restartedMain] o.hibernate.annotations.common.Version   : HCANN000001: Hibernate Commons Annotations {5.1.2.Final}
2021-11-29 13:32:47.117  INFO 4292 --- [restartedMain] com.zaxxer.hikari.HikariDataSource       : HikariPool-1 - Starting...
2021-11-29 13:32:47.119  WARN 4292 --- [restartedMain] com.zaxxer.hikari.util.DriverDataSource  : Registered driver with driverClassName=oracle.jdbc.driver.OracleDriver was not found, trying direct instantiation.
2021-11-29 13:32:47.229  INFO 4292 --- [restartedMain] com.zaxxer.hikari.pool.PoolBase          : HikariPool-1 - Driver does not support get/set network timeout for connections. (oracle.jdbc.driver.T4CConnection.getNetworkTimeout()I)
2021-11-29 13:32:47.234  INFO 4292 --- [restartedMain] com.zaxxer.hikari.HikariDataSource       : HikariPool-1 - Start completed.
2021-11-29 13:32:47.253  INFO 4292 --- [restartedMain] org.hibernate.dialect.Dialect            : HHH000400: Using dialect: org.hibernate.dialect.Oracle10gDialect
2021-11-29 13:32:48.104  INFO 4292 --- [restartedMain] o.h.e.t.j.p.i.JtaPlatformInitiator       : HHH000490: Using JtaPlatform implementation: [org.hibernate.engine.transaction.jta.platform.internal.NoJtaPlatform]
2021-11-29 13:32:48.114  INFO 4292 --- [restartedMain] j.LocalContainerEntityManagerFactoryBean : Initialized JPA EntityManagerFactory for persistence unit 'default'
2021-11-29 13:32:49.195  WARN 4292 --- [restartedMain] JpaBaseConfiguration$JpaWebConfiguration : spring.jpa.open-in-view is enabled by default. Therefore, database queries may be performed during view rendering. Explicitly configure spring.jpa.open-in-view to disable this warning
2021-11-29 13:32:49.847  WARN 4292 --- [restartedMain] o.s.b.d.a.OptionalLiveReloadServer       : Unable to start LiveReload server
2021-11-29 13:32:49.857  INFO 4292 --- [restartedMain] o.s.b.a.e.web.EndpointLinksResolver      : Exposing 1 endpoint(s) beneath base path '/actuator'
2021-11-29 13:32:50.225  INFO 4292 --- [restartedMain] o.s.b.w.embedded.tomcat.TomcatWebServer  : Tomcat started on port(s): 8099 (http) with context path '/Contacts'
2021-11-29 13:32:50.246  INFO 4292 --- [restartedMain] c.e.demo.ContactsDetailsApplication      : Started ContactsDetailsApplication in 8.35 seconds (JVM running for 10.631)
2021-11-29 13:35:25.598  INFO 4292 --- [http-nio-8099-exec-5] o.a.c.c.C.[.[localhost].[/Contacts]      : Initializing Spring DispatcherServlet 'dispatcherServlet'
2021-11-29 13:35:25.598  INFO 4292 --- [http-nio-8099-exec-5] o.s.web.servlet.DispatcherServlet        : Initializing Servlet 'dispatcherServlet'
2021-11-29 13:35:25.600  INFO 4292 --- [http-nio-8099-exec-5] o.s.web.servlet.DispatcherServlet        : Completed initialization in 2 ms
2021-11-29 13:35:25.961  INFO 4292 --- [http-nio-8099-exec-5] c.e.demo.controller.ContactController    : end of registration FROM USER 
2021-11-29 13:35:56.846  INFO 4292 --- [Thread-2] j.LocalContainerEntityManagerFactoryBean : Closing JPA EntityManagerFactory for persistence unit 'default'
2021-11-29 13:35:56.882  INFO 4292 --- [Thread-2] com.zaxxer.hikari.HikariDataSource       : HikariPool-1 - Shutdown initiated...
2021-11-29 13:35:57.155  INFO 4292 --- [Thread-2] com.zaxxer.hikari.HikariDataSource       : HikariPool-1 - Shutdown completed.
